<?xml version="1.0" encoding="UTF-8"?>
<testng-results skipped="0" failed="0" total="1" passed="1">
  <reporter-output>
  </reporter-output>
  <suite name="Suite de test cases" duration-ms="18394" started-at="2017-12-14T15:03:00Z" finished-at="2017-12-14T15:03:19Z">
    <groups>
    </groups>
    <test name="test driver is running" duration-ms="18394" started-at="2017-12-14T15:03:00Z" finished-at="2017-12-14T15:03:19Z">
      <class name="TestDriver.TestDriverRuns">
        <test-method status="PASS" signature="testDriverIsRunning()" name="testDriverIsRunning" duration-ms="18380" started-at="2017-12-14T15:03:00Z" finished-at="2017-12-14T15:03:19Z">
        </test-method>
      </class>
    </test>
  </suite>
</testng-results>
